Added Component: Designator=J2(CONN_3020-40-0100-00_CNC)
Add component (AddParameter): Name = "Mfr_Name"; Value = "CNC Tech"; VariantName = "[No Variations]"
Add component (AddParameter): Name = "RefDes"; Value = "RefDes"; VariantName = "[No Variations]"
Add component (AddParameter): Name = "Type"; Value = "Type"; VariantName = "[No Variations]"
Added Component: Designator=J3(CONN_3020-40-0100-00_CNC)
Add component (AddParameter): Name = "Mfr_Name"; Value = "CNC Tech"; VariantName = "[No Variations]"
Add component (AddParameter): Name = "RefDes"; Value = "RefDes"; VariantName = "[No Variations]"
Add component (AddParameter): Name = "Type"; Value = "Type"; VariantName = "[No Variations]"
Added Pin To Net: NetName=3V3 Pin=J2-1
Added Pin To Net: NetName=GPIO_3 Pin=J2-3
Added Pin To Net: NetName=GPIO_5 Pin=J2-5
Added Pin To Net: NetName=GND Pin=J2-6
Added Pin To Net: NetName=GPIO_7 Pin=J2-7
Added Pin To Net: NetName=GPIO_8 Pin=J2-8
Added Pin To Net: NetName=GND Pin=J2-9
Added Pin To Net: NetName=GPIO_10 Pin=J2-10
Added Pin To Net: NetName=GPIO_11 Pin=J2-11
Added Pin To Net: NetName=GPIO_12 Pin=J2-12
Added Pin To Net: NetName=GPIO_13 Pin=J2-13
Added Pin To Net: NetName=GND Pin=J2-14
Added Pin To Net: NetName=GPIO_15 Pin=J2-15
Added Pin To Net: NetName=GPIO_16 Pin=J2-16
Added Pin To Net: NetName=3V3 Pin=J2-17
Added Pin To Net: NetName=GPIO_18 Pin=J2-18
Added Pin To Net: NetName=GPIO_19 Pin=J2-19
Added Pin To Net: NetName=GND Pin=J2-20
Added Pin To Net: NetName=GPIO_21 Pin=J2-21
Added Pin To Net: NetName=GPIO_22 Pin=J2-22
Added Pin To Net: NetName=GPIO_23 Pin=J2-23
Added Pin To Net: NetName=GPIO_24 Pin=J2-24
Added Pin To Net: NetName=GND Pin=J2-25
Added Pin To Net: NetName=GPIO_26 Pin=J2-26
Added Pin To Net: NetName=GPIO_27 Pin=J2-27
Added Pin To Net: NetName=GPIO_28 Pin=J2-28
Added Pin To Net: NetName=GPIO_29 Pin=J2-29
Added Pin To Net: NetName=GND Pin=J2-30
Added Pin To Net: NetName=GPIO_31 Pin=J2-31
Added Pin To Net: NetName=GPIO_32 Pin=J2-32
Added Pin To Net: NetName=GPIO_33 Pin=J2-33
Added Pin To Net: NetName=GND Pin=J2-34
Added Pin To Net: NetName=GPIO_35 Pin=J2-35
Added Pin To Net: NetName=GPIO_36 Pin=J2-36
Added Pin To Net: NetName=GPIO_37 Pin=J2-37
Added Pin To Net: NetName=GPIO_38 Pin=J2-38
Added Pin To Net: NetName=GND Pin=J2-39
Added Pin To Net: NetName=GPIO_40 Pin=J2-40
Added Pin To Net: NetName=3V3 Pin=J3-1
Added Pin To Net: NetName=GPIO_21 Pin=J3-3
Added Pin To Net: NetName=GPIO_22 Pin=J3-5
Added Pin To Net: NetName=GND Pin=J3-6
Added Pin To Net: NetName=GPIO_23 Pin=J3-7
Added Pin To Net: NetName=GPIO_24 Pin=J3-8
Added Pin To Net: NetName=GND Pin=J3-9
Added Pin To Net: NetName=GPIO_26 Pin=J3-10
Added Pin To Net: NetName=GPIO_27 Pin=J3-11
Added Pin To Net: NetName=GPIO_28 Pin=J3-12
Added Pin To Net: NetName=GPIO_29 Pin=J3-13
Added Pin To Net: NetName=GND Pin=J3-14
Added Pin To Net: NetName=GPIO_31 Pin=J3-15
Added Pin To Net: NetName=GPIO_32 Pin=J3-16
Added Pin To Net: NetName=3V3 Pin=J3-17
Added Pin To Net: NetName=GPIO_33 Pin=J3-18
Added Pin To Net: NetName=GPIO_35 Pin=J3-19
Added Pin To Net: NetName=GND Pin=J3-20
Added Pin To Net: NetName=GPIO_36 Pin=J3-21
Added Pin To Net: NetName=GPIO_37 Pin=J3-22
Added Pin To Net: NetName=GPIO_38 Pin=J3-23
Added Pin To Net: NetName=GPIO_40 Pin=J3-24
Added Pin To Net: NetName=GND Pin=J3-25
Added Pin To Net: NetName=GPIO_3 Pin=J3-26
Added Pin To Net: NetName=GPIO_5 Pin=J3-27
Added Pin To Net: NetName=GPIO_7 Pin=J3-28
Added Pin To Net: NetName=GPIO_8 Pin=J3-29
Added Pin To Net: NetName=GND Pin=J3-30
Added Pin To Net: NetName=GPIO_10 Pin=J3-31
Added Pin To Net: NetName=GPIO_11 Pin=J3-32
Added Pin To Net: NetName=GPIO_12 Pin=J3-33
Added Pin To Net: NetName=GND Pin=J3-34
Added Pin To Net: NetName=GPIO_13 Pin=J3-35
Added Pin To Net: NetName=GPIO_15 Pin=J3-36
Added Pin To Net: NetName=GPIO_16 Pin=J3-37
Added Pin To Net: NetName=GPIO_18 Pin=J3-38
Added Pin To Net: NetName=GND Pin=J3-39
Added Pin To Net: NetName=GPIO_19 Pin=J3-40
