Removed Pin From Net: NetName=PI_GND_UnP Pin=J7-6
Removed Pin From Net: NetName=PI_GND_UnP Pin=J7-9
Removed Pin From Net: NetName=PI_GND_UnP Pin=R20-1
Removed Pin From Net: NetName=GND Pin=R20-2
Removed Pin From Net: NetName=PI_GND_UnP Pin=R22-1
Removed Pin From Net: NetName=GND Pin=R22-2
Removed Member From Class: ClassName=Shifter Member=R20
Removed Member From Class: ClassName=Shifter Member=R22
Added Component: Designator=C1(CAP_0805)
Added Component: Designator=C2(CAP_0805)
Added Component: Designator=C3(CAP_0805)
Added Component: Designator=C4(CAP_0805)
Added Component: Designator=C5(CAP_0805)
Added Component: Designator=C6(CAP_0805)
Added Component: Designator=C7(CAP_0805)
Added Component: Designator=C8(CAP_0805)
Added Component: Designator=C9(CAP_0805)
Added Component: Designator=C10(CAP_0805)
Added Component: Designator=C11(CAP_0805)
Added Component: Designator=C12(CAP_0805)
Added Component: Designator=C13(CAP_0805)
Added Component: Designator=C14(CAP_0805)
Added Component: Designator=D1(LED_0805_GREEN)
Add component (AddParameter): Name = "Distributor Link"; Value = ""; VariantName = "[No Variations]"
Add component (AddParameter): Name = "LCSC"; Value = ""; VariantName = "[No Variations]"
Add component (AddParameter): Name = "Manufacturer"; Value = ""; VariantName = "[No Variations]"
Add component (AddParameter): Name = "Manufacturer Part Number"; Value = ""; VariantName = "[No Variations]"
Added Component: Designator=D2(LED_0805_GREEN)
Add component (AddParameter): Name = "Distributor Link"; Value = ""; VariantName = "[No Variations]"
Add component (AddParameter): Name = "LCSC"; Value = ""; VariantName = "[No Variations]"
Add component (AddParameter): Name = "Manufacturer"; Value = ""; VariantName = "[No Variations]"
Add component (AddParameter): Name = "Manufacturer Part Number"; Value = ""; VariantName = "[No Variations]"
Added Component: Designator=D3(LED_0805_GREEN)
Add component (AddParameter): Name = "Distributor Link"; Value = ""; VariantName = "[No Variations]"
Add component (AddParameter): Name = "LCSC"; Value = ""; VariantName = "[No Variations]"
Add component (AddParameter): Name = "Manufacturer"; Value = ""; VariantName = "[No Variations]"
Add component (AddParameter): Name = "Manufacturer Part Number"; Value = ""; VariantName = "[No Variations]"
Added Component: Designator=D4(LED_0805_GREEN)
Add component (AddParameter): Name = "Distributor Link"; Value = ""; VariantName = "[No Variations]"
Add component (AddParameter): Name = "LCSC"; Value = ""; VariantName = "[No Variations]"
Add component (AddParameter): Name = "Manufacturer"; Value = ""; VariantName = "[No Variations]"
Add component (AddParameter): Name = "Manufacturer Part Number"; Value = ""; VariantName = "[No Variations]"
Added Component: Designator=D5(LED_0805_GREEN)
Add component (AddParameter): Name = "Distributor Link"; Value = ""; VariantName = "[No Variations]"
Add component (AddParameter): Name = "LCSC"; Value = ""; VariantName = "[No Variations]"
Add component (AddParameter): Name = "Manufacturer"; Value = ""; VariantName = "[No Variations]"
Add component (AddParameter): Name = "Manufacturer Part Number"; Value = ""; VariantName = "[No Variations]"
Added Component: Designator=D6(LED_0805_GREEN)
Add component (AddParameter): Name = "Distributor Link"; Value = ""; VariantName = "[No Variations]"
Add component (AddParameter): Name = "LCSC"; Value = ""; VariantName = "[No Variations]"
Add component (AddParameter): Name = "Manufacturer"; Value = ""; VariantName = "[No Variations]"
Add component (AddParameter): Name = "Manufacturer Part Number"; Value = ""; VariantName = "[No Variations]"
Added Component: Designator=D7(LED_0805_GREEN)
Add component (AddParameter): Name = "Distributor Link"; Value = ""; VariantName = "[No Variations]"
Add component (AddParameter): Name = "LCSC"; Value = ""; VariantName = "[No Variations]"
Add component (AddParameter): Name = "Manufacturer"; Value = ""; VariantName = "[No Variations]"
Add component (AddParameter): Name = "Manufacturer Part Number"; Value = ""; VariantName = "[No Variations]"
Added Component: Designator=FB1(FB_0805)
Add component (AddParameter): Name = "Distributor Link"; Value = ""; VariantName = "[No Variations]"
Add component (AddParameter): Name = "LCSC"; Value = ""; VariantName = "[No Variations]"
Add component (AddParameter): Name = "Manufacturer"; Value = ""; VariantName = "[No Variations]"
Add component (AddParameter): Name = "Manufacturer Part Number"; Value = ""; VariantName = "[No Variations]"
Added Component: Designator=J1(G800W302018EU)
Add component (AddParameter): Name = "Manufacturer"; Value = "Amphenol"; VariantName = "[No Variations]"
Add component (AddParameter): Name = "Manufacturer Part Number"; Value = "G800W302018EU"; VariantName = "[No Variations]"
Added Component: Designator=J2(CONN_3020-40-0100-00_CNC)
Add component (AddParameter): Name = "Mfr_Name"; Value = "CNC Tech"; VariantName = "[No Variations]"
Add component (AddParameter): Name = "RefDes"; Value = "RefDes"; VariantName = "[No Variations]"
Add component (AddParameter): Name = "Type"; Value = "Type"; VariantName = "[No Variations]"
Added Component: Designator=J3(CONN_3020-40-0100-00_CNC)
Add component (AddParameter): Name = "Mfr_Name"; Value = "CNC Tech"; VariantName = "[No Variations]"
Add component (AddParameter): Name = "RefDes"; Value = "RefDes"; VariantName = "[No Variations]"
Add component (AddParameter): Name = "Type"; Value = "Type"; VariantName = "[No Variations]"
Added Component: Designator=J4(G800W302018EU)
Add component (AddParameter): Name = "Manufacturer"; Value = "Amphenol"; VariantName = "[No Variations]"
Add component (AddParameter): Name = "Manufacturer Part Number"; Value = "G800W302018EU"; VariantName = "[No Variations]"
Added Component: Designator=J5(FP-473460001-MFG)
Add component (AddParameter): Name = "Automotive"; Value = "No"; VariantName = "[No Variations]"
Add component (AddParameter): Name = "Category"; Value = "Conn"; VariantName = "[No Variations]"
Add component (AddParameter): Name = "ComponentLink2Description"; Value = "Datasheet"; VariantName = "[No Variations]"
Add component (AddParameter): Name = "ComponentLink2URL"; Value = "https://www.molex.com/webdocs/datasheets/pdf/en-us/0473460001_IO_CONNECTORS.pdf"; VariantName = "[No Variations]"
Add component (AddParameter): Name = "Conn Orientation"; Value = "Right Angle"; VariantName = "[No Variations]"
Add component (AddParameter): Name = "Contact Material"; Value = "Gold,Nickel"; VariantName = "[No Variations]"
Add component (AddParameter): Name = "Current Rating"; Value = "1.8A"; VariantName = "[No Variations]"
Add component (AddParameter): Name = "Device Class L1"; Value = "Connectors"; VariantName = "[No Variations]"
Add component (AddParameter): Name = "Device Class L2"; Value = "USB Connectors"; VariantName = "[No Variations]"
Add component (AddParameter): Name = "Device Class L3"; Value = "unset"; VariantName = "[No Variations]"
Add component (AddParameter): Name = "Digikey Description"; Value = "CONN RCPT USB2.0 MICRO B SMD R/A"; VariantName = "[No Variations]"
Add component (AddParameter): Name = "Footprint Url"; Value = "https://www.molex.com/pdm_docs/sd/473460001_sd.pdf"; VariantName = "[No Variations]"
Add component (AddParameter): Name = "Height"; Value = "2.945mm"; VariantName = "[No Variations]"
Add component (AddParameter): Name = "Is Female"; Value = "yes"; VariantName = "[No Variations]"
Add component (AddParameter): Name = "Lead Free"; Value = "Yes"; VariantName = "[No Variations]"
Add component (AddParameter): Name = "Manufacturer"; Value = "Molex"; VariantName = "[No Variations]"
Add component (AddParameter): Name = "Manufacturer Part Number"; Value = "473460001"; VariantName = "[No Variations]"
Add component (AddParameter): Name = "Number Of Contacts"; Value = "5"; VariantName = "[No Variations]"
Add component (AddParameter): Name = "Octopart"; Value = "https://octopart.com/47346-0001-molex-7164928"; VariantName = "[No Variations]"
Add component (AddParameter): Name = "Package"; Value = "0"; VariantName = "[No Variations]"
Add component (AddParameter): Name = "Pitch"; Value = "0.65mm"; VariantName = "[No Variations]"
Add component (AddParameter): Name = "RoHS"; Value = "TRUE"; VariantName = "[No Variations]"
Add component (AddParameter): Name = "Shielding"; Value = "true"; VariantName = "[No Variations]"
Add component (AddParameter): Name = "Temperature"; Value = "-30°C to +85°C"; VariantName = "[No Variations]"
Add component (AddParameter): Name = "Temperature Range High"; Value = "+85°C"; VariantName = "[No Variations]"
Add component (AddParameter): Name = "Temperature Range Low"; Value = "-30°C"; VariantName = "[No Variations]"
Add component (AddParameter): Name = "Usb Standard"; Value = "USB 2.0"; VariantName = "[No Variations]"
Add component (AddParameter): Name = "Voltage Rating"; Value = "30V"; VariantName = "[No Variations]"
Added Component: Designator=R1(RES_0805)
Add component (AddParameter): Name = "Distributor Link"; Value = ""; VariantName = "[No Variations]"
Add component (AddParameter): Name = "Manufacturer"; Value = ""; VariantName = "[No Variations]"
Add component (AddParameter): Name = "Manufacturer Part Number"; Value = ""; VariantName = "[No Variations]"
Added Component: Designator=R2(RES_0805)
Add component (AddParameter): Name = "Distributor Link"; Value = ""; VariantName = "[No Variations]"
Add component (AddParameter): Name = "Manufacturer"; Value = ""; VariantName = "[No Variations]"
Add component (AddParameter): Name = "Manufacturer Part Number"; Value = ""; VariantName = "[No Variations]"
Added Component: Designator=R3(RES_0805)
Add component (AddParameter): Name = "Distributor Link"; Value = ""; VariantName = "[No Variations]"
Add component (AddParameter): Name = "Manufacturer"; Value = ""; VariantName = "[No Variations]"
Add component (AddParameter): Name = "Manufacturer Part Number"; Value = ""; VariantName = "[No Variations]"
Added Component: Designator=R4(RES_0805)
Add component (AddParameter): Name = "Distributor Link"; Value = ""; VariantName = "[No Variations]"
Add component (AddParameter): Name = "Manufacturer"; Value = ""; VariantName = "[No Variations]"
Add component (AddParameter): Name = "Manufacturer Part Number"; Value = ""; VariantName = "[No Variations]"
Added Component: Designator=R5(RES_0805)
Add component (AddParameter): Name = "Distributor Link"; Value = ""; VariantName = "[No Variations]"
Add component (AddParameter): Name = "Manufacturer"; Value = ""; VariantName = "[No Variations]"
Add component (AddParameter): Name = "Manufacturer Part Number"; Value = ""; VariantName = "[No Variations]"
Added Component: Designator=R6(RES_0805)
Add component (AddParameter): Name = "Distributor Link"; Value = ""; VariantName = "[No Variations]"
Add component (AddParameter): Name = "Manufacturer"; Value = ""; VariantName = "[No Variations]"
Add component (AddParameter): Name = "Manufacturer Part Number"; Value = ""; VariantName = "[No Variations]"
Added Component: Designator=R7(RES_0805)
Add component (AddParameter): Name = "Distributor Link"; Value = ""; VariantName = "[No Variations]"
Add component (AddParameter): Name = "Manufacturer"; Value = ""; VariantName = "[No Variations]"
Add component (AddParameter): Name = "Manufacturer Part Number"; Value = ""; VariantName = "[No Variations]"
Added Component: Designator=R8(RES_0805)
Add component (AddParameter): Name = "Distributor Link"; Value = ""; VariantName = "[No Variations]"
Add component (AddParameter): Name = "Manufacturer"; Value = ""; VariantName = "[No Variations]"
Add component (AddParameter): Name = "Manufacturer Part Number"; Value = ""; VariantName = "[No Variations]"
Added Component: Designator=R9(RES_0805)
Add component (AddParameter): Name = "Distributor Link"; Value = ""; VariantName = "[No Variations]"
Add component (AddParameter): Name = "Manufacturer"; Value = ""; VariantName = "[No Variations]"
Add component (AddParameter): Name = "Manufacturer Part Number"; Value = ""; VariantName = "[No Variations]"
Added Component: Designator=R10(RES_0805)
Add component (AddParameter): Name = "Distributor Link"; Value = ""; VariantName = "[No Variations]"
Add component (AddParameter): Name = "Manufacturer"; Value = ""; VariantName = "[No Variations]"
Add component (AddParameter): Name = "Manufacturer Part Number"; Value = ""; VariantName = "[No Variations]"
Added Component: Designator=R11(RES_0805)
Add component (AddParameter): Name = "Distributor Link"; Value = ""; VariantName = "[No Variations]"
Add component (AddParameter): Name = "Manufacturer"; Value = ""; VariantName = "[No Variations]"
Add component (AddParameter): Name = "Manufacturer Part Number"; Value = ""; VariantName = "[No Variations]"
Added Component: Designator=R12(RES_0805)
Add component (AddParameter): Name = "Distributor Link"; Value = ""; VariantName = "[No Variations]"
Add component (AddParameter): Name = "Manufacturer"; Value = ""; VariantName = "[No Variations]"
Add component (AddParameter): Name = "Manufacturer Part Number"; Value = ""; VariantName = "[No Variations]"
Added Component: Designator=R?(RES_0603)
Add component (AddParameter): Name = "Distributor Link"; Value = ""; VariantName = "[No Variations]"
Add component (AddParameter): Name = "Manufacturer"; Value = ""; VariantName = "[No Variations]"
Add component (AddParameter): Name = "Manufacturer Part Number"; Value = ""; VariantName = "[No Variations]"
Added Component: Designator=SW1(DTSM-3)
Add component (AddParameter): Name = "Manufacturer"; Value = "Diptronics"; VariantName = "[No Variations]"
Add component (AddParameter): Name = "Manufacturer Part Number"; Value = "DTSM-3"; VariantName = "[No Variations]"
Added Component: Designator=SW2(DTSM-3)
Add component (AddParameter): Name = "Manufacturer"; Value = "Diptronics"; VariantName = "[No Variations]"
Add component (AddParameter): Name = "Manufacturer Part Number"; Value = "DTSM-3"; VariantName = "[No Variations]"
Added Component: Designator=U1(STM-LQFP64_L)
Add component (AddParameter): Name = "ComponentLink1Description"; Value = "Manufacturer URL"; VariantName = "[No Variations]"
Add component (AddParameter): Name = "ComponentLink1URL"; Value = "http://www.st.com/"; VariantName = "[No Variations]"
Add component (AddParameter): Name = "ComponentLink2Description"; Value = "Datasheet"; VariantName = "[No Variations]"
Add component (AddParameter): Name = "ComponentLink2URL"; Value = "http://www.st.com/st-web-ui/static/active/en/resource/technical/document/datasheet/DM00086815.pdf"; VariantName = "[No Variations]"
Add component (AddParameter): Name = "Core"; Value = "ARM Cortex-M4"; VariantName = "[No Variations]"
Add component (AddParameter): Name = "D/A Converter"; Value = ""; VariantName = "[No Variations]"
Add component (AddParameter): Name = "DatasheetVersion"; Value = "Rev. 5"; VariantName = "[No Variations]"
Add component (AddParameter): Name = "FLASH Size (Prog) (kB)"; Value = "128"; VariantName = "[No Variations]"
Add component (AddParameter): Name = "I/Os (High Current)"; Value = "50"; VariantName = "[No Variations]"
Add component (AddParameter): Name = "Internal RAM Size (kB)"; Value = "64"; VariantName = "[No Variations]"
Add component (AddParameter): Name = "Mounting Technology"; Value = "Surface Mount"; VariantName = "[No Variations]"
Add component (AddParameter): Name = "Operating Frequency(F) (Processor speed) (MHz)"; Value = "84"; VariantName = "[No Variations]"
Add component (AddParameter): Name = "Package Description"; Value = "LQFP64"; VariantName = "[No Variations]"
Add component (AddParameter): Name = "Package Reference"; Value = "64-Pin Low-profile Quad Flat Package, Body 10 x 10 mm, Pitch 0.5 mm"; VariantName = "[No Variations]"
Add component (AddParameter): Name = "Packing"; Value = "Tape and Reel"; VariantName = "[No Variations]"
Add component (AddParameter): Name = "Supply Voltage(Vcc) min (V)"; Value = "1.7"; VariantName = "[No Variations]"
Added Component: Designator=U2(FP-AMS1117-IPC_C)
Add component (AddParameter): Name = "Automotive"; Value = "No"; VariantName = "[No Variations]"
Add component (AddParameter): Name = "Category"; Value = "IC"; VariantName = "[No Variations]"
Add component (AddParameter): Name = "ComponentLink2Description"; Value = "Datasheet"; VariantName = "[No Variations]"
Add component (AddParameter): Name = "ComponentLink2URL"; Value = "http://www.advanced-monolithic.com/pdf/ds1117.pdf"; VariantName = "[No Variations]"
Add component (AddParameter): Name = "Device Class L1"; Value = "Integrated Circuits (ICs)"; VariantName = "[No Variations]"
Add component (AddParameter): Name = "Device Class L2"; Value = "Power Management ICs"; VariantName = "[No Variations]"
Add component (AddParameter): Name = "Device Class L3"; Value = "Voltage Regulators - Linear"; VariantName = "[No Variations]"
Add component (AddParameter): Name = "Dropout Voltage"; Value = "1.1V"; VariantName = "[No Variations]"
Add component (AddParameter): Name = "Height"; Value = "1.8mm"; VariantName = "[No Variations]"
Add component (AddParameter): Name = "Ipc Land Pattern Name"; Value = "SOT229P700X180-4"; VariantName = "[No Variations]"
Add component (AddParameter): Name = "Lead Free"; Value = "Yes"; VariantName = "[No Variations]"
Add component (AddParameter): Name = "Manufacturer"; Value = "Advanced Monolithic Systems"; VariantName = "[No Variations]"
Add component (AddParameter): Name = "Manufacturer Part Number"; Value = "AMS1117-3.3"; VariantName = "[No Variations]"
Add component (AddParameter): Name = "Max Junction Temp"; Value = "+125°C"; VariantName = "[No Variations]"
Add component (AddParameter): Name = "Max Power Dissipation"; Value = "1.2W"; VariantName = "[No Variations]"
Add component (AddParameter): Name = "Max Supply Voltage"; Value = "15V"; VariantName = "[No Variations]"
Add component (AddParameter): Name = "Nominal Supply Current"; Value = "5mA"; VariantName = "[No Variations]"
Add component (AddParameter): Name = "Number Of Outputs"; Value = "1"; VariantName = "[No Variations]"
Add component (AddParameter): Name = "Octopart"; Value = "https://octopart.com/ams1117-3.3-advanced+monolithic+systems-25899300"; VariantName = "[No Variations]"
Add component (AddParameter): Name = "Output Current"; Value = "1A"; VariantName = "[No Variations]"
Add component (AddParameter): Name = "Output Type"; Value = "Fixed"; VariantName = "[No Variations]"
Add component (AddParameter): Name = "Output Voltage"; Value = "3.3V"; VariantName = "[No Variations]"
Add component (AddParameter): Name = "Package"; Value = "AMS1117"; VariantName = "[No Variations]"
Add component (AddParameter): Name = "RoHS"; Value = "TRUE"; VariantName = "[No Variations]"
Add component (AddParameter): Name = "Standoff Height"; Value = "0.64mm"; VariantName = "[No Variations]"
Add component (AddParameter): Name = "Temperature"; Value = "-40°C to +125°C"; VariantName = "[No Variations]"
Add component (AddParameter): Name = "Temperature Range High"; Value = "+125°C"; VariantName = "[No Variations]"
Add component (AddParameter): Name = "Temperature Range Low"; Value = "-40°C"; VariantName = "[No Variations]"
Added Component: Designator=X1(XTAL_3225)
Add component (AddParameter): Name = "LCSC"; Value = ""; VariantName = "[No Variations]"
Add component (AddParameter): Name = "Manufacturer"; Value = "Epson"; VariantName = "[No Variations]"
Add component (AddParameter): Name = "Manufacturer Part Number"; Value = "TSX-3225 24.0000MF15X-AC"; VariantName = "[No Variations]"
Added Pin To Net: NetName=MCU_OSC_IN Pin=C1-1
Added Pin To Net: NetName=GND Pin=C1-2
Added Pin To Net: NetName=XTAL_IN Pin=C2-1
Added Pin To Net: NetName=GND Pin=C2-2
Added Pin To Net: NetName=GND Pin=C3-1
Added Pin To Net: NetName=NetC3_2 Pin=C3-2
Added Pin To Net: NetName=GND Pin=C4-1
Added Pin To Net: NetName=MCU_NRST Pin=C4-2
Added Pin To Net: NetName=GND Pin=C5-1
Added Pin To Net: NetName=3V3 Pin=C5-2
Added Pin To Net: NetName=GND Pin=C6-1
Added Pin To Net: NetName=3V3 Pin=C6-2
Added Pin To Net: NetName=GND Pin=C7-1
Added Pin To Net: NetName=3V3 Pin=C7-2
Added Pin To Net: NetName=GND Pin=C8-1
Added Pin To Net: NetName=3V3 Pin=C8-2
Added Pin To Net: NetName=GND Pin=C9-1
Added Pin To Net: NetName=3V3 Pin=C9-2
Added Pin To Net: NetName=GND Pin=C10-1
Added Pin To Net: NetName=3V3 Pin=C10-2
Added Pin To Net: NetName=GND Pin=C11-1
Added Pin To Net: NetName=3V3 Pin=C11-2
Added Pin To Net: NetName=GND Pin=C12-1
Added Pin To Net: NetName=VBUS Pin=C12-2
Added Pin To Net: NetName=GND Pin=C13-1
Added Pin To Net: NetName=5V Pin=C13-2
Added Pin To Net: NetName=GND Pin=C14-1
Added Pin To Net: NetName=5V Pin=C14-2
Added Pin To Net: NetName=LED_1 Pin=D1-A
Added Pin To Net: NetName=NetD1_K Pin=D1-K
Added Pin To Net: NetName=LED_2 Pin=D2-A
Added Pin To Net: NetName=NetD2_K Pin=D2-K
Added Pin To Net: NetName=LED_3 Pin=D3-A
Added Pin To Net: NetName=NetD3_K Pin=D3-K
Added Pin To Net: NetName=LED_4 Pin=D4-A
Added Pin To Net: NetName=NetD4_K Pin=D4-K
Added Pin To Net: NetName=LED_5 Pin=D5-A
Added Pin To Net: NetName=NetD5_K Pin=D5-K
Added Pin To Net: NetName=LED_6 Pin=D6-A
Added Pin To Net: NetName=NetD6_K Pin=D6-K
Added Pin To Net: NetName=3V3 Pin=D7-A
Added Pin To Net: NetName=LED_PWR_K Pin=D7-K
Added Pin To Net: NetName=VBUS Pin=FB1-1
Added Pin To Net: NetName=5V Pin=FB1-2
Added Pin To Net: NetName=3V3 Pin=J1-1
Added Pin To Net: NetName=GND Pin=J1-2
Added Pin To Net: NetName=MCU_SWO Pin=J1-3
Added Pin To Net: NetName=MCU_JTDI Pin=J1-4
Added Pin To Net: NetName=MCU_SWCLK Pin=J1-5
Added Pin To Net: NetName=MCU_SWDIO Pin=J1-6
Added Pin To Net: NetName=3V3 Pin=J2-1
Added Pin To Net: NetName=GPIO_3 Pin=J2-3
Added Pin To Net: NetName=GPIO_5 Pin=J2-5
Added Pin To Net: NetName=GND Pin=J2-6
Added Pin To Net: NetName=GPIO_7 Pin=J2-7
Added Pin To Net: NetName=GPIO_8 Pin=J2-8
Added Pin To Net: NetName=GND Pin=J2-9
Added Pin To Net: NetName=GPIO_10 Pin=J2-10
Added Pin To Net: NetName=GPIO_11 Pin=J2-11
Added Pin To Net: NetName=GPIO_12 Pin=J2-12
Added Pin To Net: NetName=GPIO_13 Pin=J2-13
Added Pin To Net: NetName=GND Pin=J2-14
Added Pin To Net: NetName=GPIO_15 Pin=J2-15
Added Pin To Net: NetName=GPIO_16 Pin=J2-16
Added Pin To Net: NetName=3V3 Pin=J2-17
Added Pin To Net: NetName=GPIO_18 Pin=J2-18
Added Pin To Net: NetName=GPIO_19 Pin=J2-19
Added Pin To Net: NetName=GND Pin=J2-20
Added Pin To Net: NetName=GPIO_21 Pin=J2-21
Added Pin To Net: NetName=GPIO_22 Pin=J2-22
Added Pin To Net: NetName=GPIO_23 Pin=J2-23
Added Pin To Net: NetName=GPIO_24 Pin=J2-24
Added Pin To Net: NetName=GND Pin=J2-25
Added Pin To Net: NetName=GPIO_26 Pin=J2-26
Added Pin To Net: NetName=GPIO_27 Pin=J2-27
Added Pin To Net: NetName=GPIO_28 Pin=J2-28
Added Pin To Net: NetName=GPIO_29 Pin=J2-29
Added Pin To Net: NetName=GND Pin=J2-30
Added Pin To Net: NetName=GPIO_31 Pin=J2-31
Added Pin To Net: NetName=GPIO_32 Pin=J2-32
Added Pin To Net: NetName=GPIO_33 Pin=J2-33
Added Pin To Net: NetName=GND Pin=J2-34
Added Pin To Net: NetName=GPIO_35 Pin=J2-35
Added Pin To Net: NetName=GPIO_36 Pin=J2-36
Added Pin To Net: NetName=GPIO_37 Pin=J2-37
Added Pin To Net: NetName=GPIO_38 Pin=J2-38
Added Pin To Net: NetName=GND Pin=J2-39
Added Pin To Net: NetName=GPIO_40 Pin=J2-40
Added Pin To Net: NetName=3V3 Pin=J3-1
Added Pin To Net: NetName=GPIO_21 Pin=J3-3
Added Pin To Net: NetName=GPIO_22 Pin=J3-5
Added Pin To Net: NetName=GND Pin=J3-6
Added Pin To Net: NetName=GPIO_23 Pin=J3-7
Added Pin To Net: NetName=GPIO_24 Pin=J3-8
Added Pin To Net: NetName=GND Pin=J3-9
Added Pin To Net: NetName=GPIO_26 Pin=J3-10
Added Pin To Net: NetName=GPIO_27 Pin=J3-11
Added Pin To Net: NetName=GPIO_28 Pin=J3-12
Added Pin To Net: NetName=GPIO_29 Pin=J3-13
Added Pin To Net: NetName=GND Pin=J3-14
Added Pin To Net: NetName=GPIO_31 Pin=J3-15
Added Pin To Net: NetName=GPIO_32 Pin=J3-16
Added Pin To Net: NetName=3V3 Pin=J3-17
Added Pin To Net: NetName=GPIO_33 Pin=J3-18
Added Pin To Net: NetName=GPIO_35 Pin=J3-19
Added Pin To Net: NetName=GND Pin=J3-20
Added Pin To Net: NetName=GPIO_36 Pin=J3-21
Added Pin To Net: NetName=GPIO_37 Pin=J3-22
Added Pin To Net: NetName=GPIO_38 Pin=J3-23
Added Pin To Net: NetName=GPIO_40 Pin=J3-24
Added Pin To Net: NetName=GND Pin=J3-25
Added Pin To Net: NetName=GPIO_3 Pin=J3-26
Added Pin To Net: NetName=GPIO_5 Pin=J3-27
Added Pin To Net: NetName=GPIO_7 Pin=J3-28
Added Pin To Net: NetName=GPIO_8 Pin=J3-29
Added Pin To Net: NetName=GND Pin=J3-30
Added Pin To Net: NetName=GPIO_10 Pin=J3-31
Added Pin To Net: NetName=GPIO_11 Pin=J3-32
Added Pin To Net: NetName=GPIO_12 Pin=J3-33
Added Pin To Net: NetName=GND Pin=J3-34
Added Pin To Net: NetName=GPIO_13 Pin=J3-35
Added Pin To Net: NetName=GPIO_15 Pin=J3-36
Added Pin To Net: NetName=GPIO_16 Pin=J3-37
Added Pin To Net: NetName=GPIO_18 Pin=J3-38
Added Pin To Net: NetName=GND Pin=J3-39
Added Pin To Net: NetName=GPIO_19 Pin=J3-40
Added Pin To Net: NetName=MCU_PIN_1 Pin=J4-1
Added Pin To Net: NetName=MCU_PIN_2 Pin=J4-2
Added Pin To Net: NetName=MCU_PIN_3 Pin=J4-3
Added Pin To Net: NetName=MCU_PIN_4 Pin=J4-4
Added Pin To Net: NetName=MCU_PIN_5 Pin=J4-5
Added Pin To Net: NetName=MCU_PIN_6 Pin=J4-6
Added Pin To Net: NetName=VBUS Pin=J5-1
Added Pin To Net: NetName=USB_D_N Pin=J5-2
Added Pin To Net: NetName=USB_D_P Pin=J5-3
Added Pin To Net: NetName=GND Pin=J5-5
Added Pin To Net: NetName=PI_GND_UnP Pin=J7-39
Added Pin To Net: NetName=GND Pin=R1-1
Added Pin To Net: NetName=MCU_SWITCH_1 Pin=R1-2
Added Pin To Net: NetName=GND Pin=R2-1
Added Pin To Net: NetName=MCU_SWITCH_2 Pin=R2-2
Added Pin To Net: NetName=MCU_OSC_OUT Pin=R3-1
Added Pin To Net: NetName=XTAL_IN Pin=R3-2
Added Pin To Net: NetName=GND Pin=R4-1
Added Pin To Net: NetName=NetD1_K Pin=R4-2
Added Pin To Net: NetName=MCU_NRST Pin=R5-1
Added Pin To Net: NetName=3V3 Pin=R5-2
Added Pin To Net: NetName=GND Pin=R6-1
Added Pin To Net: NetName=NetD2_K Pin=R6-2
Added Pin To Net: NetName=GND Pin=R7-1
Added Pin To Net: NetName=NetD3_K Pin=R7-2
Added Pin To Net: NetName=GND Pin=R8-1
Added Pin To Net: NetName=NetD4_K Pin=R8-2
Added Pin To Net: NetName=GND Pin=R9-1
Added Pin To Net: NetName=MCU_BOOT Pin=R9-2
Added Pin To Net: NetName=GND Pin=R10-1
Added Pin To Net: NetName=NetD5_K Pin=R10-2
Added Pin To Net: NetName=GND Pin=R11-1
Added Pin To Net: NetName=NetD6_K Pin=R11-2
Added Pin To Net: NetName=GND Pin=R12-1
Added Pin To Net: NetName=LED_PWR_K Pin=R12-2
Added Pin To Net: NetName=PI_GND_UnP Pin=R?-1
Added Pin To Net: NetName=GND Pin=R?-2
Added Pin To Net: NetName=MCU_SWITCH_1 Pin=SW1-1
Added Pin To Net: NetName=3V3 Pin=SW1-2
Added Pin To Net: NetName=MCU_SWITCH_2 Pin=SW2-1
Added Pin To Net: NetName=3V3 Pin=SW2-2
Added Pin To Net: NetName=3V3 Pin=U1-1
Added Pin To Net: NetName=GPIO_22 Pin=U1-2
Added Pin To Net: NetName=GPIO_23 Pin=U1-3
Added Pin To Net: NetName=GPIO_24 Pin=U1-4
Added Pin To Net: NetName=MCU_OSC_IN Pin=U1-5
Added Pin To Net: NetName=MCU_OSC_OUT Pin=U1-6
Added Pin To Net: NetName=MCU_NRST Pin=U1-7
Added Pin To Net: NetName=GPIO_3 Pin=U1-8
Added Pin To Net: NetName=GPIO_5 Pin=U1-9
Added Pin To Net: NetName=GPIO_7 Pin=U1-10
Added Pin To Net: NetName=GPIO_8 Pin=U1-11
Added Pin To Net: NetName=GND Pin=U1-12
Added Pin To Net: NetName=3V3 Pin=U1-13
Added Pin To Net: NetName=GPIO_26 Pin=U1-14
Added Pin To Net: NetName=GPIO_27 Pin=U1-15
Added Pin To Net: NetName=GPIO_28 Pin=U1-16
Added Pin To Net: NetName=GPIO_29 Pin=U1-17
Added Pin To Net: NetName=GND Pin=U1-18
Added Pin To Net: NetName=3V3 Pin=U1-19
Added Pin To Net: NetName=GPIO_31 Pin=U1-20
Added Pin To Net: NetName=GPIO_32 Pin=U1-21
Added Pin To Net: NetName=GPIO_33 Pin=U1-22
Added Pin To Net: NetName=GPIO_35 Pin=U1-23
Added Pin To Net: NetName=GPIO_10 Pin=U1-24
Added Pin To Net: NetName=GPIO_11 Pin=U1-25
Added Pin To Net: NetName=GPIO_40 Pin=U1-26
Added Pin To Net: NetName=GPIO_38 Pin=U1-27
Added Pin To Net: NetName=GPIO_37 Pin=U1-28
Added Pin To Net: NetName=LED_6 Pin=U1-29
Added Pin To Net: NetName=NetC3_2 Pin=U1-30
Added Pin To Net: NetName=GND Pin=U1-31
Added Pin To Net: NetName=3V3 Pin=U1-32
Added Pin To Net: NetName=MCU_PIN_1 Pin=U1-33
Added Pin To Net: NetName=MCU_PIN_2 Pin=U1-34
Added Pin To Net: NetName=MCU_PIN_3 Pin=U1-35
Added Pin To Net: NetName=MCU_PIN_4 Pin=U1-36
Added Pin To Net: NetName=MCU_PIN_5 Pin=U1-37
Added Pin To Net: NetName=MCU_PIN_6 Pin=U1-38
Added Pin To Net: NetName=GPIO_15 Pin=U1-39
Added Pin To Net: NetName=GPIO_16 Pin=U1-40
Added Pin To Net: NetName=GPIO_36 Pin=U1-41
Added Pin To Net: NetName=MCU_SWITCH_1 Pin=U1-42
Added Pin To Net: NetName=MCU_SWITCH_2 Pin=U1-43
Added Pin To Net: NetName=USB_D_N Pin=U1-44
Added Pin To Net: NetName=USB_D_P Pin=U1-45
Added Pin To Net: NetName=MCU_SWDIO Pin=U1-46
Added Pin To Net: NetName=GND Pin=U1-47
Added Pin To Net: NetName=3V3 Pin=U1-48
Added Pin To Net: NetName=MCU_SWCLK Pin=U1-49
Added Pin To Net: NetName=MCU_JTDI Pin=U1-50
Added Pin To Net: NetName=GPIO_18 Pin=U1-51
Added Pin To Net: NetName=GPIO_19 Pin=U1-52
Added Pin To Net: NetName=GPIO_21 Pin=U1-53
Added Pin To Net: NetName=GPIO_12 Pin=U1-54
Added Pin To Net: NetName=MCU_SWO Pin=U1-55
Added Pin To Net: NetName=GPIO_13 Pin=U1-56
Added Pin To Net: NetName=LED_1 Pin=U1-57
Added Pin To Net: NetName=LED_2 Pin=U1-58
Added Pin To Net: NetName=LED_3 Pin=U1-59
Added Pin To Net: NetName=MCU_BOOT Pin=U1-60
Added Pin To Net: NetName=LED_4 Pin=U1-61
Added Pin To Net: NetName=LED_5 Pin=U1-62
Added Pin To Net: NetName=GND Pin=U1-63
Added Pin To Net: NetName=3V3 Pin=U1-64
Added Pin To Net: NetName=GND Pin=U2-1
Added Pin To Net: NetName=3V3 Pin=U2-2
Added Pin To Net: NetName=5V Pin=U2-3
Added Pin To Net: NetName=3V3 Pin=U2-4
Added Pin To Net: NetName=MCU_OSC_IN Pin=X1-1
Added Pin To Net: NetName=GND Pin=X1-2
Added Pin To Net: NetName=XTAL_IN Pin=X1-3
Added Pin To Net: NetName=GND Pin=X1-4
Added Class: Name=MCU
Added Differential Pair: Name=USB_D
Added Member To Class: ClassName=Shifter Member=Component Input B3P-VH(LF)(SN)
Added Member To Class: ClassName=Shifter Member=Component R? 10K
