Added Component: Designator=C?(CAP_0805)
Added Component: Designator=C?(CAP_0805)
Add Component: Footprint Not Found RESC15077X105N
Add Component: Footprint Not Found TO-220_REN
Add Component: Footprint Not Found SOIC-16_ONS
Added Pin To Net: NetName=GND Pin=C?-1
Added Pin To Net: NetName=GND Pin=C?-1
Added Pin To Net: NetName=5V Pin=C?-2
Added Pin To Net: NetName=5V Pin=C?-2
Add Pin To Net: Unknown Pin: Pin R2-2
Add Pin To Net: Unknown Pin: Pin U1-1
Add Pin To Net: Unknown Pin: Pin U1-2
Add Pin To Net: Unknown Pin: Pin U1-3
Add Pin To Net: Unknown Pin: Pin U2-2
Add Pin To Net: Unknown Pin: Pin U2-3
Add Pin To Net: Unknown Pin: Pin U2-4
Add Pin To Net: Unknown Pin: Pin U2-8
Add Pin To Net: Unknown Pin: Pin U2-16
Added Pin To Net: NetName=Battery+ Pin=J6-28
Added Net: Name=Battery+
Add Class Member: Failed to add class member : Component * SOP50P490X110-10N
Added Member To Class: ClassName=CurrentSensorLatch Member=Component C? 100nF
Added Member To Class: ClassName=CurrentSensorLatch Member=Component C? 100nF
Add Class Member: Failed to add class member : Component R2 PSR500HTQFJ2L00
Add Class Member: Failed to add class member : Component U1 N0604N-S19-AY
Add Class Member: Failed to add class member : Component U2 MC14043BDR2G
