Add Component: Footprint Not Found RESC15077X105N
Add Component: Footprint Not Found TO-220_REN
Add Component: Footprint Not Found SOIC-16_ONS
Add Pin To Net: Unknown Pin: Pin C1-1
Add Pin To Net: Unknown Pin: Pin C1-2
Add Pin To Net: Unknown Pin: Pin R2-2
Add Pin To Net: Unknown Pin: Pin U1-1
Add Pin To Net: Unknown Pin: Pin U1-2
Add Pin To Net: Unknown Pin: Pin U2-2
Add Pin To Net: Unknown Pin: Pin U2-3
Add Pin To Net: Unknown Pin: Pin U2-4
Add Pin To Net: Unknown Pin: Pin U2-8
Add Pin To Net: Unknown Pin: Pin U2-16
Add Net: Net with name "Out_27" already exists
Add Net: Net with name "Out_28" already exists
Add Class Member: Failed to add class member : Component * SOP50P490X110-10N
Add Class Member: Failed to add class member : Component C1 Capacitor
Add Class Member: Failed to add class member : Component R2 PSR500HTQFJ2L00
Add Class Member: Failed to add class member : Component U1 N0604N-S19-AY
Add Class Member: Failed to add class member : Component U2 MC14043BDR2G
