Removed Pin From Net: NetName=GND Pin=C?-1
Removed Pin From Net: NetName=5V Pin=C?-2
Change Component Designator: OldDesignator=C? NewDesignator=C1
Added Component: Designator=C2(CAP_0805)
Added Component: Designator=R2(RES_PSR500_ROM)
Add component (AddParameter): Name = "Mfr_Name"; Value = "ROHM Semiconductor"; VariantName = "[No Variations]"
Add component (AddParameter): Name = "RefDes"; Value = ""; VariantName = "[No Variations]"
Add component (AddParameter): Name = "Type"; Value = ""; VariantName = "[No Variations]"
Add Component: Footprint Not Found TO-220_REN
Add Component: Footprint Not Found SOIC-16_ONS
Added Component: Designator=U7(FP-DGS0010A-IPC_B)
Add component (AddParameter): Name = "Accuracy"; Value = "1%"; VariantName = "[No Variations]"
Add component (AddParameter): Name = "Case/Package"; Value = "VSSOP"; VariantName = "[No Variations]"
Add component (AddParameter): Name = "Max Operating Temperature"; Value = "125°C"; VariantName = "[No Variations]"
Add component (AddParameter): Name = "Min Operating Temperature"; Value = "-40°C"; VariantName = "[No Variations]"
Add component (AddParameter): Name = "Mount"; Value = "Surface Mount"; VariantName = "[No Variations]"
Add component (AddParameter): Name = "Series"; Value = "Automotive, AEC-Q100"; VariantName = "[No Variations]"
Added Pin To Net: NetName=GND Pin=C2-1
Added Pin To Net: NetName=5V Pin=C2-2
Added Pin To Net: NetName=SHUNT_LOW Pin=R2-1
Added Pin To Net: NetName=Battery+ Pin=R2-2
Add Pin To Net: Unknown Pin: Pin U1-1
Add Pin To Net: Unknown Pin: Pin U1-2
Add Pin To Net: Unknown Pin: Pin U1-3
Add Pin To Net: Unknown Pin: Pin U2-2
Add Pin To Net: Unknown Pin: Pin U2-4
Add Pin To Net: Unknown Pin: Pin U2-8
Add Pin To Net: Unknown Pin: Pin U2-16
Added Pin To Net: NetName=Battery+ Pin=U7-1
Added Pin To Net: NetName=5V Pin=U7-2
Added Pin To Net: NetName=GND Pin=U7-4
Added Pin To Net: NetName=GND Pin=U7-5
Added Pin To Net: NetName=CMPREF Pin=U7-7
Added Pin To Net: NetName=CMPIN Pin=U7-8
Added Pin To Net: NetName=SHUNT_LOW Pin=U7-10
Added Pin To Net: NetName=Alert Pin=R3-1
Added Pin To Net: NetName=Alert Pin=U7-3
Added Net: Name=Alert
Added Pin To Net: NetName=Vout Pin=R4-2
Added Pin To Net: NetName=Vout Pin=R5-2
Added Pin To Net: NetName=Vout Pin=U7-9
Added Net: Name=Vout
Added Member To Class: ClassName=CurrentSensorLatch Member=Component C2 100nF
Added Member To Class: ClassName=CurrentSensorLatch Member=Component R2 PSR500HTQFJ2L00
Add Class Member: Failed to add class member : Component U1 N0604N-S19-AY
Add Class Member: Failed to add class member : Component U2 MC14043BDR2G
Added Member To Class: ClassName=CurrentSensorLatch Member=Component U7 INA381A4QDGSRQ1
